<?xml version="1.0" encoding="UTF-8"?>
<!-- Generated by org.testng.reporters.JUnitReportReporter -->
<testsuite hostname="DESKTOP-01S0H3O" failures="0" tests="1" name="facebook.AutomateLoginPageUsingTestng" time="50.198" errors="0" timestamp="2025-01-27T12:29:45 IST" skipped="0">
  <testcase classname="facebook.AutomateLoginPageUsingTestng" name="run" time="50.198"/>
</testsuite> <!-- facebook.AutomateLoginPageUsingTestng -->
