<?xml version="1.0" encoding="UTF-8"?>
<!-- Generated by org.testng.reporters.JUnitReportReporter -->
<testsuite hostname="DESKTOP-01S0H3O" failures="0" tests="1" name="makeMyTrip.TestCase01_UsingTestNg" time="19.035" errors="0" timestamp="2025-01-27T12:31:05 IST" skipped="0">
  <testcase classname="makeMyTrip.TestCase01_UsingTestNg" name="Run" time="19.035"/>
</testsuite> <!-- makeMyTrip.TestCase01_UsingTestNg -->
